1645250780527:exit
1645284156932:message
1645284410348:file
1645284917567:message
1645284948429:help
1645284985747:archiver F:\\\\Полезные плагины IDEA.png
1645285009507:archiver
1645285028940:archiver-F:\\\\Полезные плагины IDEA.png
1645285085473:archiver F:\\\\text.txt
1645285356607:message
1645285518919:archiver F:\\\\text.txt
1645285844718:exit
1645286286886:archiver F:\\\\text.txt
1645286300077:exit
1645286369894:archiver F:\\\\text.txt
1645286375590:exit
1645613948837:save new Citi(3852, Барнаул, Barnaul, 631124
1645613962632:save new Citi(3852, Барнаул, Barnaul, 631124)
1645614058892:save Barnaul
1645614103706:read
1645614185168:save 3852, Барнаул, Barnaul, 631124
1645622461507:add 3852, Барнаул, 631124
1645622692880:exit
1645622955421:add 3852, Барнаул, 631124
1645623315840:exit
1645623487736:add 3852, Барнаул, 631124
1645623538165:exit
1645623659827:add 3852, Барнаул, 631124
1645623665580:exit
1645623834764:add 3852 Барнаул 631124
1645714088049:exit
1645714514812:stacktrace
1645714578762:exit
1645802989381:add 3852 Барнаул 631124
1645802999781:exit
1645834701941:add 3852 Барнаул 631124
1645834772247:exit
1645836420960:add 3852 Барнаул 631124
1645836632965:exit
1645836652344:add 3852 Барнаул 631124
1645837353752:exit
1645837691056:add 3852 Барнаул 631124
1645837709523:exit
1645837775405:add 3852 Барнаул 631124
1645837783522:stactrace
1645837794412:ctacktrace
1645837801797:stacktrace
1645837818340:add 3852 Барнаул 631124
1645837823262:stacktrace
1645839344369:exit
1645855893100:add 3852 Баранаул 631124
1645855916715:exit
1645858540170:add 3852 Барнаул 631124
1645858571188:stacktrace
1645858632007:exit
1645859195170:help
1645859215052:read
1645859231882:stacktrace
1645859273176:exit
1645859935118:add 3852 Барнаул 631124
1645859939208:exit
1645860022488:add 3852 Барнаул 631124
1645860034598:stacktrace
1645860177024:exit
1645860855668:add 3852 Барнаул 631124
1645860882997:stacktrace
1645860976731:exit
1645861496874:add 3852 Барнаул 631124
1645861538489:exit
